<?xml version="1.0" encoding="UTF-8"?>
<testsuite name="com.mypass.urlshortner.EncodeControllerTests" tests="1" skipped="0" failures="0" errors="0" timestamp="2025-11-09T04:08:20" hostname="XXXXXX" time="1.895">
  <properties/>
  <testcase name="encode_emptyBody_returnsBadRequest()" classname="com.mypass.urlshortner.EncodeControllerTests" time="1.895"/>
  <system-out><![CDATA[12:08:15.313 [Test worker] INFO org.springframework.test.context.support.AnnotationConfigContextLoaderUtils -- Could not detect default configuration classes for test class [com.mypass.urlshortner.EncodeControllerTests]: EncodeControllerTests does not declare any static, non-private, non-final, nested classes annotated with @Configuration.
12:08:15.569 [Test worker] INFO org.springframework.boot.test.context.SpringBootTestContextBootstrapper -- Found @SpringBootConfiguration com.mypass.urlshortner.UrlshortnerApplication for test class com.mypass.urlshortner.EncodeControllerTests

  .   ____          _            __ _ _
 /\\ / ___'_ __ _ _(_)_ __  __ _ \ \ \ \
( ( )\___ | '_ | '_| | '_ \/ _` | \ \ \ \
 \\/  ___)| |_)| | | | | || (_| |  ) ) ) )
  '  |____| .__|_| |_|_| |_\__, | / / / /
 =========|_|==============|___/=/_/_/_/

 :: Spring Boot ::                (v3.3.1)

2025-11-09T12:08:16.728+08:00  INFO 21296 --- [urlshortner] [    Test worker] c.m.urlshortner.EncodeControllerTests    : Starting EncodeControllerTests using Java 17.0.12 with PID 21296 (started by Carl in C:\Users\Carl\Documents\projectmatchaustralia-interview-boilerplates-d163179749db\projectmatchaustralia-interview-boilerplates-d163179749db\spring-java)
2025-11-09T12:08:16.731+08:00  INFO 21296 --- [urlshortner] [    Test worker] c.m.urlshortner.EncodeControllerTests    : No active profile set, falling back to 1 default profile: "default"
2025-11-09T12:08:19.920+08:00  INFO 21296 --- [urlshortner] [    Test worker] o.s.b.t.m.w.SpringBootMockServletContext : Initializing Spring TestDispatcherServlet ''
2025-11-09T12:08:19.921+08:00  INFO 21296 --- [urlshortner] [    Test worker] o.s.t.web.servlet.TestDispatcherServlet  : Initializing Servlet ''
2025-11-09T12:08:19.925+08:00  INFO 21296 --- [urlshortner] [    Test worker] o.s.t.web.servlet.TestDispatcherServlet  : Completed initialization in 2 ms
2025-11-09T12:08:19.986+08:00  INFO 21296 --- [urlshortner] [    Test worker] c.m.urlshortner.EncodeControllerTests    : Started EncodeControllerTests in 4.042 seconds (process running for 6.92)
]]></system-out>
  <system-err><![CDATA[]]></system-err>
</testsuite>
